time="2023-02-17 00:33:28" level=info msg=xxxxxxxxxx
time="2023-02-17 00:33:28" level=info msg="\n | 200 |      1.9187ms |             ::1 | POST | /user/login?token=xialscds |"
time="2023-02-17 00:34:13" level=info msg=xxxxxxxxxx
time="2023-02-17 00:34:13" level=info msg="\n | 200 |     10.9469ms |             ::1 | POST | /user/login?token=xialscds |"time="2023-02-17 00:35:54" level=info msg="\r\nxxxxxxxxxx"
time="2023-02-17 00:35:54" level=info msg="\n | 200 |      1.0918ms |             ::1 | POST | /user/login?token=xialscds |"
time="2023-02-17 00:36:07" level=info msg="\r\nxxxxxxxxxx"
time="2023-02-17 00:36:07" level=info msg="\n | 200 |      7.2457ms |             ::1 | POST | /user/login?token=xialscds |"
time="2023-02-17 00:37:16" level=info msg="\r\nxxxxxxxxxx"
time="2023-02-17 00:37:16" level=info msg="\n | 200 |      3.9367ms |             ::1 | POST | /user/login?token=xialscds |"
time="2023-02-17 00:40:50" level=info msg="################"
time="2023-02-17 00:40:50" level=info msg="[httpCode] 200 ;[latencyTime]      2.7916ms ;[client_IP]             ::1 ;[method] POST ;[reqUri] /user/login?token=xialscds"
time="2023-02-17 00:42:05" level=info msg="################"
time="2023-02-17 00:42:05" level=info msg="[httpCode: 200]  [latencyTime:      2.3559ms]  [client_IP:             ::1]  [method: POST]  [reqUri: /user/login?token=xialscds]"
time="2023-02-17 00:44:55" level=info msg="################"
time="2023-02-17 00:44:55" level=info msg="[httpCode: 200]  [latencyTime:      1.6526ms]  [client_IP:             ::1]  [method: POST]  [reqUri: /user/login?token=xialscds]"
time="2023-02-17 00:46:51" level=info msg="################"
time="2023-02-17 00:46:51" level=info msg="[httpCode: 200]  [latencyTime:       951.9µs]  [client_IP:             ::1]  [method: POST]  [reqUri: /user/login?token=xialscds]"
time="2023-02-17 01:06:09" level=info msg="################"
time="2023-02-17 01:06:09" level=info msg="[client_IP:             ::1] [method: POST] [httpCode: 200]  [reqUri: /user/login?token=xialscds] [latencyTime:      1.3421ms] [method: PostmanRuntime/7.1.1] [method: Password=password&User=user]"
time="2023-02-17 01:07:46" level=info msg="################"
time="2023-02-17 01:07:46" level=info msg="[client_IP:             ::1] [method: POST] [httpCode: 200]  [reqUri: /user/login?token=xialscds] [latencyTime:     91.9365ms] [agent: PostmanRuntime/7.1.1] [postForm: Password=password&User=user]"
time="2023-02-17 01:21:45" level=info msg=----------------------
time="2023-02-17 01:21:45" level=info msg="[client_IP:             ::1] [method: POST] [httpCode: 200]  [reqUri: /user/login?token=xialscds] [latencyTime:      1.6227ms] [agent: PostmanRuntime/7.1.1] [postForm: Password=password&User=user]"
time="2023-02-17 11:33:51" level=info msg=----------------------
time="2023-02-17 11:33:51" level=info msg="[client_IP:             ::1] [method: POST] [httpCode: 200]  [reqUri: /user/login?token=xialscds] [latencyTime:      3.1518ms] [agent: PostmanRuntime/7.1.1] [postForm: Password=password&User=user]" aaa=xxxxxxxx
time="2023-02-17 11:51:22" level=info msg=----------------------
time="2023-02-17 11:51:22" level=info msg="参数不对：form.User:user111;form.Password:password"
time="2023-02-17 11:51:22" level=info msg="[client_IP:             ::1] [method: POST] [httpCode: 401]  [reqUri: /user/login?token=xialscds] [latencyTime:      1.5222ms] [agent: PostmanRuntime/7.1.1] [postForm: Password=password&User=user111]" aaa=xxxxxxxx
time="2023-02-17 12:29:23" level=info msg=----------------------
time="2023-02-17 12:29:23" level=info msg="参数不对：form.User:user111;form.Password:password"
time="2023-02-17 12:29:26" level=info msg="[client_IP:             ::1] [method: POST] [httpCode: 401]  [reqUri: /user/login?token=xialscds] [latencyTime:    3.1502209s] [agent: PostmanRuntime/7.1.1] [postForm: Password=password&User=user111]" aaa=xxxxxxxx
time="2023-02-17 12:40:23" level=info msg=----------------------
time="2023-02-17 12:40:23" level=info msg="参数不对：form.User:user111;form.Password:password"
time="2023-02-17 12:40:23" level=info msg="[client_IP:             ::1] [method: POST] [httpCode: 401]  [reqUri: /user/login?token=xialscds] [latencyTime:      2.8288ms] [agent: PostmanRuntime/7.1.1] [postForm: Password=password&User=user111]" aaa=xxxxxxxx
time="2023-02-17 14:02:32" level=info msg="参数不对：form.User:user111;form.Password:password"
time="2023-02-17 14:02:32" level=info msg="[client_IP:             ::1] [method: POST] [httpCode: 401]  [reqUri: /user/login?token=xialscds] [latencyTime:       2.792ms] [agent: PostmanRuntime/7.1.1] [postForm: Password=password&User=user111]" aaa=xxxxxxxx
time="2023-02-17 14:22:03" level=info msg="参数：form.User:user111;form.Password:password"
time="2023-02-17 14:22:03" level=info msg="[client_IP:             ::1] [method: POST] [httpCode: 200]  [reqUri: /user/login?token=xialscds] [latencyTime:       628.4µs] [agent: PostmanRuntime/7.1.1] [postForm: Password=password&User=user111]" aaa=xxxxxxxx
time="2023-02-17 14:23:59" level=info msg="参数：form.User:user111;form.Password:password"
time="2023-02-17 14:23:59" level=info msg="[client_IP:             ::1] [method: POST] [httpCode: 200]  [reqUri: /user/login?token=xialscds] [latencyTime:      1.0644ms] [agent: PostmanRuntime/7.1.1] [postForm: Password=password&User=user111]"
time="2023-02-17 14:48:59" level=info msg="[client_IP:             ::1] [method: POST] [httpCode: 200]  [reqUri: /user/login?token=xialscds] [latencyTime:      3.0912ms] [agent: PostmanRuntime/7.1.1] [postForm: Password=password&User=user]"
time="2023-02-17 15:45:36" level=info msg="[client_IP:             ::1] [method: POST] [httpCode: 200]  [reqUri: /user/login?token=xialscds] [latencyTime:      3.9297ms] [agent: PostmanRuntime/7.1.1] [postForm: Password=password&User=user]"
time="2023-02-17 15:50:50" level=info msg="[client_IP:             ::1] [method: POST] [httpCode: 200]  [reqUri: /user/login?token=xialscds] [latencyTime:            0s] [agent: PostmanRuntime/7.1.1] [postForm: Password=password&User=user]"
time="2023-02-17 15:53:20" level=info msg="[client_IP:             ::1] [method: POST] [httpCode: 200]  [reqUri: /user/login?token=xialscds] [latencyTime:      3.0745ms] [agent: PostmanRuntime/7.1.1] [postForm: Password=password&User=user]"
time="2023-02-17 15:54:07" level=info msg="[client_IP:             ::1] [method: POST] [httpCode: 200]  [reqUri: /user/login?token=xialscds] [latencyTime:      8.8453ms] [agent: PostmanRuntime/7.1.1] [postForm: password=password&user=user]"
time="2023-02-17 15:55:05" level=info msg="[client_IP:             ::1] [method: POST] [httpCode: 403]  [reqUri: /user/login] [latencyTime:            0s] [agent: PostmanRuntime/7.1.1] [postForm: ]"
time="2023-02-17 15:58:55" level=info msg="[client_IP:             ::1] [method: POST] [httpCode: 403]  [reqUri: /user/login] [latencyTime:            0s] [agent: PostmanRuntime/7.1.1] [postForm: ]"
time="2023-02-17 16:48:46" level=info msg="[client_IP:             ::1] [method: POST] [httpCode: 403]  [reqUri: /user/login] [latencyTime:            0s] [agent: PostmanRuntime/7.1.1] [postForm: ]"
time="2023-02-17 19:03:27" level=info msg="[client_IP:             ::1] [method: POST] [httpCode: 403]  [reqUri: /user/login] [latencyTime:            0s] [agent: PostmanRuntime/7.1.1] [postForm: ]"
